<?xml version="1.0" encoding="UTF-8"?>
<!-- Generated by org.testng.reporters.JUnitReportReporter -->
<testsuite hostname="Cherry" failures="0" tests="1" name="runner.RunCucumber" time="5.436" errors="0" timestamp="2023-04-25T17:34:31 IST" skipped="0">
  <testcase classname="runner.RunCucumber" name="runScenario" time="5.436"/>
  <system-out/>
</testsuite> <!-- runner.RunCucumber -->
